[02:32:24] [ServerMain/INFO]: Environment: Environment[sessionHost=https://sessionserver.mojang.com, servicesHost=https://api.minecraftservices.com, name=PROD]
[02:32:26] [ServerMain/INFO]: Loaded 1290 recipes
[02:32:27] [ServerMain/INFO]: Loaded 1399 advancements
[02:32:28] [Server thread/INFO]: Starting minecraft server version 1.21
[02:32:28] [Server thread/INFO]: Loading properties
[02:32:28] [Server thread/INFO]: Default game type: SURVIVAL
[02:32:28] [Server thread/INFO]: Generating keypair
[02:32:28] [Server thread/INFO]: Starting Minecraft server on *:25565
[02:32:28] [Server thread/INFO]: Using epoll channel type
[02:32:28] [Server thread/INFO]: Preparing level "world"
[02:32:31] [Server thread/INFO]: Preparing start region for dimension minecraft:overworld
[02:32:32] [Worker-Main-1/INFO]: Preparing spawn area: 0%
[02:32:32] [Worker-Main-1/INFO]: Preparing spawn area: 0%
[02:32:32] [Server thread/INFO]: Time elapsed: 632 ms
[02:32:32] [Server thread/INFO]: Done (3.602s)! For help, type "help"
[02:33:07] [User Authenticator #1/INFO]: UUID of player Knalla_13 is 2e49a188-01f8-439a-a8b6-6f6c5221de06
[02:33:09] [Server thread/INFO]: Knalla_13[/127.57.245.131:59035] logged in with entity id 5 at (110.84136984632212, 78.0, 1396.5964262923915)
[02:33:09] [Server thread/INFO]: Knalla_13 joined the game
[02:34:55] [User Authenticator #2/INFO]: UUID of player Fabriciob05 is a8a53a94-ea10-4603-9c6f-2aba7e10ffa1
[02:34:58] [Server thread/INFO]: Fabriciob05[/127.145.12.240:60061] logged in with entity id 494 at (138.81184435047254, 80.0, 1462.5000262364201)
[02:34:58] [Server thread/INFO]: Fabriciob05 joined the game
[02:35:51] [Server thread/WARN]: Fabriciob05 moved too quickly! -3.0105546526663147,-1.0,9.62941882375776
[02:36:39] [Server thread/WARN]: Fabriciob05 moved too quickly! -9.044989218852976,-0.26102912385572097,-4.60016218364899
[02:39:40] [Server thread/WARN]: Fabriciob05 moved too quickly! 9.884012690185614,0.0,2.222439344181339
[02:39:50] [Server thread/WARN]: Fabriciob05 moved too quickly! -9.032539311722502,-0.5800000131130219,4.3847200145041825
[02:40:41] [Server thread/WARN]: Fabriciob05 moved too quickly! -5.272003643128002,-1.0,8.633886279127637
[02:41:56] [Server thread/INFO]: <Fabriciob05> zzz
[02:42:59] [Server thread/INFO]: Fabriciob05 has made the advancement [A Seedy Place]
[02:43:46] [Server thread/INFO]: Fabriciob05 has made the advancement [The Parrots and the Bats]
[02:45:10] [Server thread/WARN]: Fabriciob05 moved too quickly! 9.609392000908485,3.2538907259487644,1.0376472898431075
[02:46:58] [Server thread/WARN]: Mismatch in destroy block pos: jd{x=128, y=83, z=1406} jd{x=126, y=80, z=1410}
[02:47:12] [Server thread/WARN]: Mismatch in destroy block pos: jd{x=128, y=83, z=1406} jd{x=119, y=78, z=1406}
[02:47:12] [Server thread/WARN]: Mismatch in destroy block pos: jd{x=128, y=83, z=1406} jd{x=119, y=78, z=1406}
[02:48:47] [Server thread/WARN]: Fabriciob05 moved too quickly! -10.04568133190348,-1.2564708892573009,1.2091218878977088
[02:49:03] [Server thread/WARN]: Mismatch in destroy block pos: jd{x=102, y=76, z=1417} jd{x=105, y=76, z=1420}
[02:51:01] [Server thread/WARN]: Fabriciob05 moved too quickly! -9.978206192338213,-1.127890238205481,1.5590579019822144
[02:51:41] [Server thread/WARN]: Mismatch in destroy block pos: jd{x=126, y=78, z=1413} jd{x=125, y=79, z=1410}
[02:53:14] [Server thread/WARN]: Fabriciob05 moved too quickly! -6.110751359190893,0.12789023820548096,8.070738908646717
[02:53:18] [Server thread/WARN]: Fabriciob05 was kicked for floating too long!
[02:53:18] [Server thread/INFO]: Fabriciob05 lost connection: Flying is not enabled on this server
[02:53:18] [Server thread/INFO]: Fabriciob05 left the game
[02:53:18] [Server thread/WARN]: handleDisconnection() called twice
[02:53:34] [User Authenticator #3/INFO]: UUID of player AgenteRetirado2 is 768d5506-6af9-4db6-9806-4e931e445670
[02:53:36] [Server thread/INFO]: AgenteRetirado2[/127.190.59.92:34829] logged in with entity id 5583 at (91.5, 74.0, 1416.5)
[02:53:36] [Server thread/INFO]: AgenteRetirado2 joined the game
[02:53:48] [Server thread/INFO]: <Knalla_13> Zzzz
[02:53:48] [User Authenticator #4/INFO]: UUID of player Fabriciob05 is a8a53a94-ea10-4603-9c6f-2aba7e10ffa1
[02:53:51] [Server thread/INFO]: Fabriciob05[/127.145.12.240:43211] logged in with entity id 5633 at (-41.83613352839094, 64.16610926093821, 1624.4369065128574)
[02:53:51] [Server thread/INFO]: Fabriciob05 joined the game
[02:54:10] [Server thread/INFO]: <AgenteRetirado2> zzzzz
[02:54:16] [Server thread/INFO]: <Knalla_13> Zzzzzz
[02:54:18] [Server thread/INFO]: <Knalla_13> Zzzzzzzzzzzzzzz
[02:54:19] [Server thread/INFO]: <Knalla_13> Zzzzzzzzzzzzz
[02:54:21] [Server thread/INFO]: <Knalla_13> ZZZZZZZZZZZ
[02:54:25] [Server thread/INFO]: <AgenteRetirado2> Zzzzz
[02:54:33] [Server thread/INFO]: <Knalla_13> Zzzzzzzzzzzz
[02:54:54] [Server thread/WARN]: Fabriciob05 moved too quickly! 9.487219079200727,1.190390238205481,-3.02500018024989
[02:55:01] [Server thread/WARN]: Fabriciob05 was kicked for floating too long!
[02:55:01] [Server thread/INFO]: Fabriciob05 lost connection: Flying is not enabled on this server
[02:55:01] [Server thread/INFO]: Fabriciob05 left the game
[02:55:23] [User Authenticator #5/INFO]: UUID of player Fabriciob05 is a8a53a94-ea10-4603-9c6f-2aba7e10ffa1
[02:55:26] [Server thread/INFO]: Fabriciob05[/127.145.12.240:38955] logged in with entity id 6338 at (112.56838458953742, 81.00133597911214, 1478.0329610837025)
[02:55:26] [Server thread/INFO]: Fabriciob05 joined the game
[02:56:10] [Server thread/INFO]: Knalla_13 has made the advancement [Tactical Fishing]
[02:56:48] [Server thread/WARN]: Fabriciob05 moved too quickly! 7.855433493838547,1.1212968405392019,6.215726092136947
[02:58:11] [Server thread/WARN]: Fabriciob05 moved too quickly! 10.17863156840923,1.1661092609382138,-0.76206697126986
[02:59:14] [Server thread/WARN]: Fabriciob05 moved too quickly! -9.596383886959444,0.0,-3.0640039843403883
[03:01:28] [Server thread/WARN]: Fabriciob05 moved too quickly! -0.14078839188495706,-4.945235477477226,9.247319791775908
[03:03:46] [Server thread/WARN]: Fabriciob05 moved too quickly! 8.764883843068482,0.0,-5.442643661597913
[03:04:03] [Server thread/WARN]: Fabriciob05 moved too quickly! 9.969249601224838,1.0244240882136921,0.795175943162576
[03:04:36] [Server thread/WARN]: Fabriciob05 moved too quickly! -10.103784730257871,0.0,-0.20006196003760124
[03:07:43] [Server thread/WARN]: Fabriciob05 moved too quickly! 6.170574388773801,-0.24918707874468282,8.118642617428804
[03:08:41] [Server thread/WARN]: Mismatch in destroy block pos: jd{x=117, y=78, z=1372} jd{x=122, y=80, z=1370}
[03:08:41] [Server thread/WARN]: Mismatch in destroy block pos: jd{x=117, y=78, z=1372} jd{x=122, y=80, z=1370}
[03:08:41] [Server thread/WARN]: Mismatch in destroy block pos: jd{x=117, y=78, z=1372} jd{x=122, y=80, z=1370}
[03:08:55] [Server thread/INFO]: AgenteRetirado2 has made the advancement [A Seedy Place]
[03:10:30] [Server thread/INFO]: <Fabriciob05> zzzzz
[03:10:33] [Server thread/INFO]: <AgenteRetirado2> zzz}
[03:10:53] [Server thread/INFO]: <Knalla_13> Zzzzz
[03:12:02] [Server thread/INFO]: Villager cmk['Villager'/93, l='ServerLevel[world]', x=50.38, y=72.00, z=1467.56] died, message: 'Villager was slain by AgenteRetirado2'
[03:15:15] [Server thread/WARN]: Fabriciob05 moved too quickly! -7.673903115129917,-3.0,5.913878484078623
[03:15:27] [Server thread/WARN]: Mismatch in destroy block pos: jd{x=167, y=88, z=1415} jd{x=165, y=89, z=1415}
[03:15:27] [Server thread/WARN]: Mismatch in destroy block pos: jd{x=167, y=88, z=1415} jd{x=165, y=89, z=1415}
[03:19:58] [Server thread/WARN]: Fabriciob05 moved too quickly! 7.616266309818286,-2.7698121815251255,5.99347777185335
[03:20:11] [Server thread/WARN]: Fabriciob05 moved too quickly! -6.241131371780426,4.001335979112142,-6.935063993263839
[03:20:55] [Server thread/WARN]: Mismatch in destroy block pos: jd{x=158, y=91, z=1408} jd{x=158, y=90, z=1409}
[03:20:55] [Server thread/WARN]: Mismatch in destroy block pos: jd{x=158, y=91, z=1408} jd{x=158, y=90, z=1409}
[03:20:55] [Server thread/WARN]: Mismatch in destroy block pos: jd{x=158, y=91, z=1408} jd{x=158, y=90, z=1409}
[03:20:55] [Server thread/WARN]: Mismatch in destroy block pos: jd{x=158, y=91, z=1408} jd{x=158, y=90, z=1409}
[03:20:55] [Server thread/WARN]: Mismatch in destroy block pos: jd{x=158, y=91, z=1408} jd{x=158, y=90, z=1409}
[03:20:55] [Server thread/WARN]: Mismatch in destroy block pos: jd{x=158, y=91, z=1408} jd{x=158, y=90, z=1409}
[03:20:55] [Server thread/WARN]: Mismatch in destroy block pos: jd{x=158, y=91, z=1408} jd{x=158, y=90, z=1409}
[03:20:56] [Server thread/WARN]: Mismatch in destroy block pos: jd{x=158, y=91, z=1408} jd{x=158, y=90, z=1409}
[03:20:56] [Server thread/WARN]: Mismatch in destroy block pos: jd{x=157, y=89, z=1409} jd{x=158, y=90, z=1409}
[03:20:57] [Server thread/WARN]: Fabriciob05 moved too quickly! -8.955569165640838,-0.2468000194787976,4.8790231739601495
[03:22:22] [Server thread/WARN]: Mismatch in destroy block pos: jd{x=107, y=81, z=1469} jd{x=106, y=79, z=1468}
[03:22:43] [Server thread/WARN]: Fabriciob05 moved too quickly! 9.971472826004472,-1.2032643993312888,-2.135258974066801
[03:22:49] [Server thread/WARN]: Fabriciob05 moved too quickly! 9.90500060266055,-0.5813359922251635,-1.6655114430138838
[03:24:34] [Server thread/WARN]: Fabriciob05 moved too quickly! -8.38962700085898,0.41999998688697815,-5.878843888878464
[03:26:17] [Server thread/WARN]: Fabriciob05 moved too quickly! -7.9261010931274,-4.121296840539202,-4.571602814606649
[03:26:24] [Server thread/WARN]: Fabriciob05 moved too quickly! -10.005721853606133,-1.040639748038629,-0.6079482914196888
[03:26:49] [Server thread/WARN]: Fabriciob05 moved too quickly! -9.751243547719078,1.003967839911212,3.424433509053415
[03:28:36] [Server thread/WARN]: Fabriciob05 moved too quickly! 7.397302768276084,2.1661092609382138,6.8992831406023925
[03:28:44] [Server thread/INFO]: [Knalla_13: Set own game mode to Adventure Mode]
[03:28:46] [Server thread/WARN]: Fabriciob05 moved too quickly! 9.921909103545737,0.17081290814229533,-1.7473419664027006
[03:28:50] [Server thread/INFO]: [Knalla_13: Set own game mode to Spectator Mode]
[03:29:02] [Server thread/INFO]: [Knalla_13: Set own game mode to Survival Mode]
[03:29:05] [Server thread/WARN]: Fabriciob05 moved too quickly! 1.816138402517069,1.1416851727245216,9.856829940250918
[03:29:08] [Server thread/INFO]: [Knalla_13: Teleported AgenteRetirado2 to Knalla_13]
[03:29:23] [Server thread/WARN]: Fabriciob05 moved too quickly! -1.7404386912968022,-1.2491870787446828,9.933873377339523
[03:29:36] [Server thread/WARN]: Fabriciob05 moved too quickly! 9.064727006502494,2.752148900367459,-3.911457766331978
[03:30:33] [Server thread/WARN]: Fabriciob05 moved too quickly! -5.170550521121953,-3.0784000015258783,-8.102422614565967
[03:31:25] [Server thread/WARN]: Fabriciob05 moved too quickly! -0.45051506665996044,-1.165188487544981,-9.968624787519502
[03:31:55] [Server thread/INFO]: Fabriciob05 has made the advancement [What a Deal!]
[03:32:11] [Server thread/WARN]: Fabriciob05 moved too quickly! 8.51432018299711,2.252203340253729,4.980692069996621
[03:32:19] [Server thread/WARN]: Fabriciob05 moved too quickly! 7.0506146521621105,-0.2046003784434305,7.325516560445749
[03:33:22] [Server thread/INFO]: Fabriciob05 has made the advancement [Enchanter]
[03:33:46] [Server thread/WARN]: Fabriciob05 moved too quickly! 10.10106037065745,0.0,0.06903274851902097
[03:34:32] [Server thread/INFO]: [Knalla_13: Teleported AgenteRetirado2 to Knalla_13]
[03:34:55] [Server thread/WARN]: Fabriciob05 moved too quickly! 6.268934613937816,-2.0554624345250403,7.803346732280033
[03:35:01] [Server thread/WARN]: Fabriciob05 moved too quickly! 8.680789488604319,3.252203340253729,4.364876464111148
[03:40:27] [Server thread/WARN]: Fabriciob05 moved too quickly! 3.5743880598070064,3.249187078744683,-9.03191773874255
[03:41:56] [Server thread/WARN]: Fabriciob05 moved too quickly! 10.103687757747679,-1.2247629905309907,-0.1326153853276537
[03:42:59] [Server thread/INFO]: [Knalla_13: Teleported AgenteRetirado2 to Knalla_13]
[03:44:03] [Server thread/WARN]: Fabriciob05 moved too quickly! 10.066326521702536,0.0,-1.2834885473719169
[03:44:15] [Server thread/WARN]: Fabriciob05 moved too quickly! -7.3729560447811195,-6.176759275064242,-2.85089672790491
[03:44:26] [Server thread/WARN]: Fabriciob05 moved too quickly! 7.8555078930371,-4.695683172542459,-4.679582361876328
[03:45:25] [Server thread/WARN]: Fabriciob05 moved too quickly! -6.881957844857141,1.083077817806469,-7.220979539677728
[03:47:02] [Server thread/WARN]: Fabriciob05 moved too quickly! 9.424188345396715,-1.252203340253729,3.5613639433688604
[03:47:17] [Server thread/WARN]: Fabriciob05 moved too quickly! -9.797485294256376,-2.252203340253729,-1.1216683996392476
[03:48:15] [Server thread/WARN]: Fabriciob05 moved too quickly! -3.5404566594353923,-0.42355929454303975,-9.662159778118166
[03:48:22] [Server thread/WARN]: Fabriciob05 moved too quickly! -9.365520039750493,-2.878703159460798,-2.4847856079331905
[03:48:41] [Server thread/WARN]: Fabriciob05 moved too quickly! -5.5294305968202195,0.2522033402537289,8.53256876695491
[03:48:45] [Server thread/WARN]: Fabriciob05 moved too quickly! -0.8234290812330869,0.0,10.109582760385365
[03:51:10] [Server thread/WARN]: Fabriciob05 moved too quickly! 9.49884643841456,-1.130906499714527,-3.121473958226943
[03:51:44] [Server thread/WARN]: Fabriciob05 moved too quickly! 8.458258498303678,-2.823240724935758,-4.93120710891958
[03:51:54] [Server thread/WARN]: Fabriciob05 moved too quickly! -4.080733869934932,-2.676470876144279,-9.137900443922945
[03:51:56] [Server thread/WARN]: Fabriciob05 moved too quickly! -5.062400371710652,-6.393887687412253,-6.35656368564787
[03:52:10] [Server thread/INFO]: [Knalla_13: Teleported AgenteRetirado2 to Knalla_13]
[03:53:47] [Server thread/WARN]: Fabriciob05 moved too quickly! 9.5760718752408,-0.8800391385729398,-2.962902762230442
[03:54:23] [Server thread/INFO]: [Knalla_13: Teleported AgenteRetirado2 to Knalla_13]
[03:57:43] [Server thread/WARN]: Fabriciob05 moved too quickly! -5.523157162447918,0.6709083839323027,-8.51547568404203
[04:00:11] [Server thread/INFO]: [Knalla_13: Teleported AgenteRetirado2 to Knalla_13]
[04:00:35] [Server thread/INFO]: [Knalla_13: Set own game mode to Spectator Mode]
[04:00:42] [Server thread/WARN]: Fabriciob05 moved too quickly! -8.270398080929287,-0.0013359791121487774,5.733299183371855
[04:01:12] [Server thread/INFO]: [Knalla_13: Set own game mode to Survival Mode]
[04:04:08] [Server thread/INFO]: [Knalla_13: Teleported Knalla_13 to 80.500000, 72.000000, 1422.500000]
[04:04:13] [Server thread/INFO]: [Knalla_13: Teleported AgenteRetirado2 to Knalla_13]
[04:05:30] [Server thread/WARN]: AgenteRetirado2 moved too quickly! -7.7954067837281436,2.0013359791121417,6.223896131086576
[04:06:54] [Server thread/WARN]: Mismatch in destroy block pos: jd{x=167, y=100, z=1404} jd{x=168, y=100, z=1400}
[04:06:54] [Server thread/WARN]: Mismatch in destroy block pos: jd{x=167, y=100, z=1404} jd{x=168, y=100, z=1400}
[04:06:54] [Server thread/WARN]: Mismatch in destroy block pos: jd{x=167, y=100, z=1404} jd{x=168, y=100, z=1400}
[04:06:54] [Server thread/WARN]: Mismatch in destroy block pos: jd{x=167, y=100, z=1404} jd{x=168, y=100, z=1400}
[04:06:56] [Server thread/WARN]: Mismatch in destroy block pos: jd{x=164, y=98, z=1398} jd{x=164, y=97, z=1398}
[04:06:56] [Server thread/WARN]: Mismatch in destroy block pos: jd{x=164, y=98, z=1398} jd{x=166, y=98, z=1398}
[04:07:24] [Server thread/WARN]: Mismatch in destroy block pos: jd{x=170, y=96, z=1406} jd{x=170, y=94, z=1405}
[04:07:25] [Server thread/WARN]: Mismatch in destroy block pos: jd{x=170, y=94, z=1405} jd{x=169, y=95, z=1405}
[04:07:25] [Server thread/WARN]: Mismatch in destroy block pos: jd{x=170, y=94, z=1405} jd{x=169, y=95, z=1405}
[04:07:25] [Server thread/WARN]: Mismatch in destroy block pos: jd{x=170, y=97, z=1406} jd{x=169, y=95, z=1405}
[04:07:53] [Server thread/WARN]: Mismatch in destroy block pos: jd{x=184, y=90, z=1410} jd{x=184, y=90, z=1409}
[04:07:56] [Server thread/WARN]: Mismatch in destroy block pos: jd{x=182, y=91, z=1408} jd{x=182, y=91, z=1406}
[04:07:56] [Server thread/WARN]: Mismatch in destroy block pos: jd{x=182, y=91, z=1408} jd{x=182, y=91, z=1406}
[04:07:56] [Server thread/WARN]: Mismatch in destroy block pos: jd{x=182, y=91, z=1408} jd{x=182, y=91, z=1406}
[04:07:59] [Server thread/WARN]: Mismatch in destroy block pos: jd{x=178, y=92, z=1409} jd{x=181, y=92, z=1408}
[04:08:02] [Server thread/WARN]: Mismatch in destroy block pos: jd{x=174, y=97, z=1400} jd{x=174, y=96, z=1399}
[04:08:14] [Server thread/WARN]: Mismatch in destroy block pos: jd{x=182, y=88, z=1408} jd{x=181, y=88, z=1408}
[04:08:44] [Server thread/WARN]: Mismatch in destroy block pos: jd{x=173, y=87, z=1405} jd{x=174, y=88, z=1407}
[04:10:29] [Server thread/WARN]: Mismatch in destroy block pos: jd{x=15, y=62, z=1365} jd{x=13, y=61, z=1365}
[04:10:29] [Server thread/WARN]: Mismatch in destroy block pos: jd{x=15, y=62, z=1365} jd{x=13, y=61, z=1365}
[04:10:29] [Server thread/WARN]: Mismatch in destroy block pos: jd{x=15, y=62, z=1365} jd{x=13, y=61, z=1365}
[04:10:29] [Server thread/WARN]: Mismatch in destroy block pos: jd{x=15, y=62, z=1365} jd{x=13, y=61, z=1365}
[04:11:26] [Server thread/WARN]: Mismatch in destroy block pos: jd{x=65, y=61, z=1318} jd{x=66, y=59, z=1318}
[04:11:26] [Server thread/WARN]: Mismatch in destroy block pos: jd{x=65, y=61, z=1317} jd{x=66, y=59, z=1318}
